<?xml version="1.0" encoding="UTF-8"?>
<!-- Generated by org.testng.reporters.JUnitReportReporter -->
<testsuite hostname="DESKTOP-OAHHFQP" failures="0" tests="1" name="urbanApplication.Search" time="17.794" errors="0" timestamp="2023-10-15T19:07:28 IST" skipped="0">
  <testcase classname="urbanApplication.Search" name="SearchTest" time="17.794"/>
</testsuite> <!-- urbanApplication.Search -->
