<?xml version="1.0" encoding="UTF-8"?>
<!-- Generated by org.testng.reporters.JUnitReportReporter -->
<testsuite hostname="DESKTOP-OAHHFQP" failures="0" tests="1" name="urbanApplication.Browse" time="7.327" errors="0" timestamp="2023-10-16T15:15:29 IST" skipped="0">
  <testcase classname="urbanApplication.Browse" name="browse" time="7.327"/>
</testsuite> <!-- urbanApplication.Browse -->
