<?xml version="1.0" encoding="UTF-8"?>
<!-- Generated by org.testng.reporters.JUnitReportReporter -->
<testsuite hostname="DESKTOP-OAHHFQP" failures="0" tests="1" name="urbanApplication.Login" time="20.495" errors="0" timestamp="2023-10-16T15:15:29 IST" skipped="0">
  <testcase classname="urbanApplication.Login" name="login" time="20.495"/>
</testsuite> <!-- urbanApplication.Login -->
